::1 - - [03/Mar/2023:09:55:21 +0000] "GET / HTTP/1.1" 404 139
::1 - - [03/Mar/2023:09:56:16 +0000] "POST / HTTP/1.1" 404 140
::1 - - [03/Mar/2023:10:00:47 +0000] "POST / HTTP/1.1" 404 140
::1 - - [03/Mar/2023:10:00:55 +0000] "POST /auth/signup HTTP/1.1" 200 6
::1 - - [03/Mar/2023:10:03:32 +0000] "POST /auth/signup HTTP/1.1" 500 21
::1 - - [03/Mar/2023:10:04:20 +0000] "POST /auth/signup HTTP/1.1" 200 114
::1 - - [03/Mar/2023:10:10:35 +0000] "POST /auth/signup HTTP/1.1" 400 184
::1 - - [03/Mar/2023:10:11:33 +0000] "POST /auth/signup HTTP/1.1" 400 52
::1 - - [03/Mar/2023:10:12:10 +0000] "POST /auth/signup HTTP/1.1" 200 12
::1 - - [03/Mar/2023:10:17:34 +0000] "POST /auth/signup HTTP/1.1" 200 127
::1 - - [03/Mar/2023:10:18:48 +0000] "POST /auth/signup HTTP/1.1" 500 21
::1 - - [03/Mar/2023:10:30:36 +0000] "POST /auth/signup HTTP/1.1" 500 21
::1 - - [03/Mar/2023:10:30:57 +0000] "POST /auth/signup HTTP/1.1" 500 21
::1 - - [03/Mar/2023:10:31:19 +0000] "POST /auth/signup HTTP/1.1" 500 21
::1 - - [03/Mar/2023:10:32:20 +0000] "POST /auth/signup HTTP/1.1" - -
::1 - - [03/Mar/2023:10:32:34 +0000] "POST /auth/signup HTTP/1.1" 422 48
::1 - - [03/Mar/2023:10:38:34 +0000] "POST /auth/signup HTTP/1.1" 422 48
::1 - - [03/Mar/2023:10:38:45 +0000] "POST /auth/signup HTTP/1.1" 200 129
::1 - - [03/Mar/2023:10:44:26 +0000] "POST /auth/signup HTTP/1.1" 500 21
::1 - - [03/Mar/2023:10:44:44 +0000] "POST /auth/signup HTTP/1.1" 422 48
::1 - - [03/Mar/2023:10:44:57 +0000] "POST /auth/signup HTTP/1.1" 200 308
::1 - - [03/Mar/2023:10:56:55 +0000] "POST /auth/login HTTP/1.1" 400 37
::1 - - [03/Mar/2023:10:57:11 +0000] "POST /auth/login HTTP/1.1" 400 37
::1 - - [03/Mar/2023:10:58:51 +0000] "POST /auth/login HTTP/1.1" 400 37
::1 - - [03/Mar/2023:10:59:23 +0000] "POST /auth/login HTTP/1.1" 200 312
::1 - - [03/Mar/2023:10:59:35 +0000] "POST /auth/login HTTP/1.1" 200 312
